[00:30:05.944] > [DEBUG] >  [ DEFAULT ] =================================================
[00:30:05.944] > [DEBUG] >  [ COMMON ] =================================================
[00:30:05.944] > [DEBUG] > 	PORT = [8080]
[00:30:05.944] > [DEBUG] > 	RELEASE = [DEV]
[00:30:05.944] > [DEBUG] >  [ gRPC ] =================================================
[00:30:05.944] > [DEBUG] > 	IP = [127.0.0.1]
[00:30:05.945] > [DEBUG] > 	PORT = [50051]
[00:30:05.945] > [DEBUG] >  [ LOG ] =================================================
[00:30:05.945] > [DEBUG] > 	DIR = [./log]
[00:30:05.945] > [DEBUG] > 	NAME = [goWeb]
[00:30:05.945] > [DEBUG] > 	ENCYN = [y]
[00:30:05.946] > [DEBUG] > 	LEVEL = [DEBUG,TRACE,ERROR,WARN,STDOUT]
[00:30:05.946] > [ ALL ] > =================================================
[00:30:05.946] > [ ALL ] > 	 [./goWeb] START [:8080]
[00:30:05.947] > [ ALL ] > =================================================
[00:30:05.947] > [TRACE] > gRPC Connect Success [IDLE]
[00:34:58.449] > [DEBUG] >  [ gRPC ] =================================================
[00:34:58.449] > [DEBUG] > 	IP = [127.0.0.1]
[00:34:58.450] > [DEBUG] > 	PORT = [50051]
[00:34:58.450] > [DEBUG] >  [ LOG ] =================================================
[00:34:58.450] > [DEBUG] > 	DIR = [./log]
[00:34:58.450] > [DEBUG] > 	NAME = [goWeb]
[00:34:58.450] > [DEBUG] > 	ENCYN = [y]
[00:34:58.451] > [DEBUG] > 	LEVEL = [DEBUG,TRACE,ERROR,WARN,STDOUT]
[00:34:58.451] > [DEBUG] >  [ DEFAULT ] =================================================
[00:34:58.451] > [DEBUG] >  [ COMMON ] =================================================
[00:34:58.451] > [DEBUG] > 	RELEASE = [DEV]
[00:34:58.451] > [DEBUG] > 	PORT = [8080]
[00:34:58.451] > [ ALL ] > =================================================
[00:34:58.451] > [ ALL ] > 	 [./goWeb] START [:8080]
[00:34:58.452] > [ ALL ] > =================================================
[00:34:58.452] > [TRACE] > gRPC Connect Success [IDLE]
[00:34:58.955] > [ ALL ] > 	 Open Web Server
[00:37:18.565] > [DEBUG] >  [ DEFAULT ] =================================================
[00:37:18.565] > [DEBUG] >  [ COMMON ] =================================================
[00:37:18.566] > [DEBUG] > 	RELEASE = [DEV]
[00:37:18.566] > [DEBUG] > 	PORT = [8080]
[00:37:18.566] > [DEBUG] >  [ gRPC ] =================================================
[00:37:18.566] > [DEBUG] > 	IP = [127.0.0.1]
[00:37:18.566] > [DEBUG] > 	PORT = [50051]
[00:37:18.566] > [DEBUG] >  [ LOG ] =================================================
[00:37:18.567] > [DEBUG] > 	DIR = [./log]
[00:37:18.567] > [DEBUG] > 	NAME = [goWeb]
[00:37:18.567] > [DEBUG] > 	ENCYN = [y]
[00:37:18.567] > [DEBUG] > 	LEVEL = [DEBUG,TRACE,ERROR,WARN,STDOUT]
[00:37:18.567] > [ ALL ] > =================================================
[00:37:18.567] > [ ALL ] > 	 [./goWeb] START [:8080]
[00:37:18.568] > [ ALL ] > =================================================
[00:37:18.568] > [TRACE] > gRPC Connect Success [IDLE]
[00:37:23.887] > [TRACE] > [Login] Start
[00:37:23.888] > [DEBUG] > getClient [IDLE]
[00:37:23.897] > [TRACE] > {"error":"rpc error: code = Unknown desc = no connection idle [Invalid Connection DB Type [\u003cnil\u003e]]"}
[00:37:23.898] > [TRACE] > [Login] End
[00:37:30.285] > [TRACE] > [Login] Start
[00:37:30.286] > [DEBUG] > getClient [READY]
[00:37:30.287] > [TRACE] > {"error":"rpc error: code = Unknown desc = no connection idle [Invalid Connection DB Type [\u003cnil\u003e]]"}
[00:37:30.287] > [TRACE] > [Login] End
