[15:38:07.833] > [DEBUG] >  [ COMMON ] =================================================
[15:38:07.833] > [DEBUG] > 	RELEASE = [DEV]
[15:38:07.833] > [DEBUG] > 	PORT = [8080]
[15:38:07.833] > [DEBUG] >  [ gRPC ] =================================================
[15:38:07.833] > [DEBUG] > 	IP = [127.0.0.1]
[15:38:07.834] > [DEBUG] > 	PORT = [50051]
[15:38:07.834] > [DEBUG] >  [ LOG ] =================================================
[15:38:07.834] > [DEBUG] > 	DIR = [./log]
[15:38:07.834] > [DEBUG] > 	NAME = [goWeb]
[15:38:07.834] > [DEBUG] > 	ENCYN = [y]
[15:38:07.835] > [DEBUG] > 	LEVEL = [DEBUG,TRACE,ERROR,WARN,STDOUT]
[15:38:07.835] > [DEBUG] >  [ DEFAULT ] =================================================
[15:38:07.837] > [ ALL ] > =================================================
[15:38:07.837] > [ ALL ] > 	 [./goWeb] START [:8080]
[15:38:07.837] > [ ALL ] > =================================================
[15:38:07.838] > [TRACE] > gRPC Connect Success [IDLE]
[15:38:54.367] > [DEBUG] >  [ DEFAULT ] =================================================
[15:38:54.367] > [DEBUG] >  [ COMMON ] =================================================
[15:38:54.367] > [DEBUG] > 	RELEASE = [DEV]
[15:38:54.368] > [DEBUG] > 	PORT = [8080]
[15:38:54.368] > [DEBUG] >  [ gRPC ] =================================================
[15:38:54.368] > [DEBUG] > 	IP = [127.0.0.1]
[15:38:54.368] > [DEBUG] > 	PORT = [50051]
[15:38:54.368] > [DEBUG] >  [ LOG ] =================================================
[15:38:54.368] > [DEBUG] > 	NAME = [goWeb]
[15:38:54.368] > [DEBUG] > 	ENCYN = [y]
[15:38:54.369] > [DEBUG] > 	LEVEL = [DEBUG,TRACE,ERROR,WARN,STDOUT]
[15:38:54.369] > [DEBUG] > 	DIR = [./log]
[15:38:54.369] > [ ALL ] > =================================================
[15:38:54.369] > [ ALL ] > 	 [./goWeb] START [:8080]
[15:38:54.369] > [ ALL ] > =================================================
[15:38:54.370] > [TRACE] > gRPC Connect Success [IDLE]
[15:39:01.174] > [TRACE] > [Login] Start
[15:39:01.174] > [DEBUG] > getClient [IDLE]
[15:39:01.180] > [TRACE] > {"error":"rpc error: code = Unknown desc = no connection idle [Invalid Connection DB Type [\u003cnil\u003e]]"}
[15:39:01.180] > [TRACE] > [Login] End
[15:40:57.173] > [TRACE] > [Login] Start
[15:40:57.174] > [DEBUG] > getClient [TRANSIENT_FAILURE]
[15:40:57.174] > [TRACE] > {"error":"rpc error: code = Unavailable desc = connection error: desc = \"transport: Error while dialing: dial tcp 127.0.0.1:50051: connect: connection refused\""}
[15:40:57.174] > [TRACE] > [Login] End
[15:40:59.412] > [TRACE] > [Login] Start
[15:40:59.412] > [DEBUG] > getClient [READY]
[15:40:59.414] > [TRACE] > {"error":"rpc error: code = Unknown desc = no connection idle [Invalid Connection DB Type [{{{} {} 0} \u003cnil\u003e {{} {} 0} {0 0} [] {[]} 0 \u003cnil\u003e false map[] map[] 0 0 0 0 \u003cnil\u003e 0 0 0 0 \u003cnil\u003e}]]"}
[15:40:59.414] > [TRACE] > [Login] End
[15:43:29.634] > [TRACE] > [Login] Start
[15:43:29.634] > [DEBUG] > getClient [READY]
[15:43:29.636] > [TRACE] > {"error":"rpc error: code = Unknown desc = no connection idle [Invalid Connection DB Type [{{{} {} 0} \u003cnil\u003e {{} {} 0} {0 0} [] {[]} 0 \u003cnil\u003e false map[] map[] 0 0 0 0 \u003cnil\u003e 0 0 0 0 \u003cnil\u003e}]]"}
[15:43:29.636] > [TRACE] > [Login] End
[15:48:14.637] > [TRACE] > [Login] Start
[15:48:14.637] > [DEBUG] > getClient [READY]
[15:48:14.639] > [TRACE] > {"error":"rpc error: code = Unknown desc = no connection idle [Invalid Connection DB Type [{{{} {} 0} \u003cnil\u003e {{} {} 0} {0 0} [] {[]} 0 \u003cnil\u003e false map[] map[] 0 0 0 0 \u003cnil\u003e 0 0 0 0 \u003cnil\u003e}]]"}
[15:48:14.639] > [TRACE] > [Login] End
[15:48:28.486] > [TRACE] > [Login] Start
[15:48:28.486] > [DEBUG] > getClient [READY]
[15:48:28.505] > [TRACE] > {"error":"rpc error: code = Unknown desc = no data"}
[15:48:28.505] > [TRACE] > [Login] End
