[19:07:32.675] > [TRACE] > [Register] start
[19:07:32.676] > [DEBUG] > getClient [READY]
[19:07:33.553] > [TRACE] > {"message":"testuser2 Registered successfully"}
[19:07:33.553] > [TRACE] > [Register] end
[19:07:36.059] > [TRACE] > [Login] Start
[19:07:36.060] > [DEBUG] > getClient [READY]
[19:07:36.863] > [TRACE] > {"error":"rpc error: code = Unknown desc = invalid password"}
[19:07:36.864] > [TRACE] > [Login] End
[19:08:00.412] > [TRACE] > [Register] start
[19:08:00.412] > [DEBUG] > getClient [READY]
[19:08:01.236] > [TRACE] > {"message":"testuser Registered successfully"}
[19:08:01.236] > [TRACE] > [Register] end
[19:08:02.653] > [TRACE] > [Login] Start
[19:08:02.653] > [DEBUG] > getClient [READY]
[19:08:03.524] > [TRACE] > {"message":"eyJhbGciOiJIUzI1NiIsInR5cCI6IkpXVCJ9.eyJleHAiOjE3NTE0NTQ0ODMsInVzZXJuYW1lIjoidGVzdHVzZXIifQ.FKjB4b2xxB7zAQ4RrU4wWiWcQI4Af9mpiv6BJyzqg1E"}
[19:08:03.524] > [TRACE] > [Login] End
[19:08:32.819] > [TRACE] > [GetUserInfo] Start
[19:08:32.819] > [DEBUG] > getClient [READY]
[19:08:32.823] > [TRACE] > {"LastLogin":"2025-07-02 19:08:03","Status":true}
[19:08:32.824] > [TRACE] > [GetUserInfo] End
[19:08:49.846] > [TRACE] > [UpdateUserInfo] Start
[19:08:49.847] > [DEBUG] > getClient [READY]
[19:08:51.508] > [TRACE] > [UpdateUserInfo] End
[19:09:22.029] > [TRACE] > [GetUserInfo] Start
[19:09:22.030] > [DEBUG] > getClient [READY]
[19:09:22.034] > [TRACE] > {"LastLogin":"2025-07-02 19:08:03","Status":true}
[19:09:22.034] > [TRACE] > [GetUserInfo] End
[19:09:23.052] > [TRACE] > [GetUserInfo] Start
[19:09:23.052] > [DEBUG] > getClient [READY]
[19:09:23.057] > [TRACE] > {"LastLogin":"2025-07-02 19:08:03","Status":true}
[19:09:23.058] > [TRACE] > [GetUserInfo] End
[19:09:23.566] > [TRACE] > [GetUserInfo] Start
[19:09:23.567] > [DEBUG] > getClient [READY]
[19:09:23.570] > [TRACE] > {"LastLogin":"2025-07-02 19:08:03","Status":true}
[19:09:23.571] > [TRACE] > [GetUserInfo] End
[19:09:23.826] > [TRACE] > [GetUserInfo] Start
[19:09:23.827] > [DEBUG] > getClient [READY]
[19:09:23.830] > [TRACE] > {"LastLogin":"2025-07-02 19:08:03","Status":true}
[19:09:23.831] > [TRACE] > [GetUserInfo] End
[19:09:24.081] > [TRACE] > [GetUserInfo] Start
[19:09:24.082] > [DEBUG] > getClient [READY]
[19:09:24.086] > [TRACE] > {"LastLogin":"2025-07-02 19:08:03","Status":true}
[19:09:24.086] > [TRACE] > [GetUserInfo] End
[19:09:24.295] > [TRACE] > [GetUserInfo] Start
[19:09:24.296] > [DEBUG] > getClient [READY]
[19:09:24.299] > [TRACE] > {"LastLogin":"2025-07-02 19:08:03","Status":true}
[19:09:24.300] > [TRACE] > [GetUserInfo] End
[19:09:24.503] > [TRACE] > [GetUserInfo] Start
[19:09:24.503] > [DEBUG] > getClient [READY]
[19:09:24.508] > [TRACE] > {"LastLogin":"2025-07-02 19:08:03","Status":true}
[19:09:24.509] > [TRACE] > [GetUserInfo] End
[19:09:24.710] > [TRACE] > [GetUserInfo] Start
[19:09:24.710] > [DEBUG] > getClient [READY]
[19:09:24.714] > [TRACE] > {"LastLogin":"2025-07-02 19:08:03","Status":true}
[19:09:24.715] > [TRACE] > [GetUserInfo] End
[19:09:24.931] > [TRACE] > [GetUserInfo] Start
[19:09:24.932] > [DEBUG] > getClient [READY]
[19:09:24.935] > [TRACE] > {"LastLogin":"2025-07-02 19:08:03","Status":true}
[19:09:24.935] > [TRACE] > [GetUserInfo] End
[19:09:25.153] > [TRACE] > [GetUserInfo] Start
[19:09:25.153] > [DEBUG] > getClient [READY]
[19:09:25.156] > [TRACE] > {"LastLogin":"2025-07-02 19:08:03","Status":true}
[19:09:25.157] > [TRACE] > [GetUserInfo] End
[19:09:25.376] > [TRACE] > [GetUserInfo] Start
[19:09:25.376] > [DEBUG] > getClient [READY]
[19:09:25.380] > [TRACE] > {"LastLogin":"2025-07-02 19:08:03","Status":true}
[19:09:25.380] > [TRACE] > [GetUserInfo] End
[19:09:25.588] > [TRACE] > [GetUserInfo] Start
[19:09:25.589] > [DEBUG] > getClient [READY]
[19:09:25.592] > [TRACE] > {"LastLogin":"2025-07-02 19:08:03","Status":true}
[19:09:25.592] > [TRACE] > [GetUserInfo] End
[19:09:25.817] > [TRACE] > [GetUserInfo] Start
[19:09:25.817] > [DEBUG] > getClient [READY]
[19:09:25.822] > [TRACE] > {"LastLogin":"2025-07-02 19:08:03","Status":true}
[19:09:25.823] > [TRACE] > [GetUserInfo] End
[19:09:26.061] > [TRACE] > [GetUserInfo] Start
[19:09:26.061] > [DEBUG] > getClient [READY]
[19:09:26.065] > [TRACE] > {"LastLogin":"2025-07-02 19:08:03","Status":true}
[19:09:26.065] > [TRACE] > [GetUserInfo] End
[19:09:26.285] > [TRACE] > [GetUserInfo] Start
[19:09:26.285] > [DEBUG] > getClient [READY]
[19:09:26.290] > [TRACE] > {"LastLogin":"2025-07-02 19:08:03","Status":true}
[19:09:26.290] > [TRACE] > [GetUserInfo] End
[19:09:26.526] > [TRACE] > [GetUserInfo] Start
[19:09:26.526] > [DEBUG] > getClient [READY]
[19:09:26.530] > [TRACE] > {"LastLogin":"2025-07-02 19:08:03","Status":true}
[19:09:26.530] > [TRACE] > [GetUserInfo] End
[19:09:26.774] > [TRACE] > [GetUserInfo] Start
[19:09:26.774] > [DEBUG] > getClient [READY]
[19:09:26.779] > [TRACE] > {"LastLogin":"2025-07-02 19:08:03","Status":true}
[19:09:26.779] > [TRACE] > [GetUserInfo] End
[19:09:27.007] > [TRACE] > [GetUserInfo] Start
[19:09:27.007] > [DEBUG] > getClient [READY]
[19:09:27.011] > [TRACE] > {"LastLogin":"2025-07-02 19:08:03","Status":true}
[19:09:27.011] > [TRACE] > [GetUserInfo] End
[19:09:27.255] > [TRACE] > [GetUserInfo] Start
[19:09:27.256] > [DEBUG] > getClient [READY]
[19:09:27.261] > [TRACE] > {"LastLogin":"2025-07-02 19:08:03","Status":true}
[19:09:27.262] > [TRACE] > [GetUserInfo] End
[19:09:27.506] > [TRACE] > [GetUserInfo] Start
[19:09:27.506] > [DEBUG] > getClient [READY]
[19:09:27.510] > [TRACE] > {"LastLogin":"2025-07-02 19:08:03","Status":true}
[19:09:27.510] > [TRACE] > [GetUserInfo] End
[19:09:27.717] > [TRACE] > [GetUserInfo] Start
[19:09:27.718] > [DEBUG] > getClient [READY]
[19:09:27.721] > [TRACE] > {"LastLogin":"2025-07-02 19:08:03","Status":true}
[19:09:27.721] > [TRACE] > [GetUserInfo] End
[19:09:27.951] > [TRACE] > [GetUserInfo] Start
[19:09:27.951] > [DEBUG] > getClient [READY]
[19:09:27.956] > [TRACE] > {"LastLogin":"2025-07-02 19:08:03","Status":true}
[19:09:27.956] > [TRACE] > [GetUserInfo] End
[19:09:28.202] > [TRACE] > [GetUserInfo] Start
[19:09:28.203] > [DEBUG] > getClient [READY]
[19:09:28.206] > [TRACE] > {"LastLogin":"2025-07-02 19:08:03","Status":true}
[19:09:28.206] > [TRACE] > [GetUserInfo] End
[19:09:28.429] > [TRACE] > [GetUserInfo] Start
[19:09:28.429] > [DEBUG] > getClient [READY]
[19:09:28.433] > [TRACE] > {"LastLogin":"2025-07-02 19:08:03","Status":true}
[19:09:28.433] > [TRACE] > [GetUserInfo] End
[19:09:28.666] > [TRACE] > [GetUserInfo] Start
[19:09:28.666] > [DEBUG] > getClient [READY]
[19:09:28.669] > [TRACE] > {"LastLogin":"2025-07-02 19:08:03","Status":true}
[19:09:28.669] > [TRACE] > [GetUserInfo] End
[19:09:28.906] > [TRACE] > [GetUserInfo] Start
[19:09:28.906] > [DEBUG] > getClient [READY]
[19:09:28.911] > [TRACE] > {"LastLogin":"2025-07-02 19:08:03","Status":true}
[19:09:28.911] > [TRACE] > [GetUserInfo] End
[19:09:29.673] > [TRACE] > [GetUserInfo] Start
[19:09:29.673] > [DEBUG] > getClient [READY]
[19:09:29.676] > [TRACE] > {"LastLogin":"2025-07-02 19:08:03","Status":true}
[19:09:29.677] > [TRACE] > [GetUserInfo] End
[19:09:29.902] > [TRACE] > [GetUserInfo] Start
[19:09:29.902] > [DEBUG] > getClient [READY]
[19:09:29.907] > [TRACE] > {"LastLogin":"2025-07-02 19:08:03","Status":true}
[19:09:29.907] > [TRACE] > [GetUserInfo] End
[19:09:30.151] > [TRACE] > [GetUserInfo] Start
[19:09:30.151] > [DEBUG] > getClient [READY]
[19:09:30.154] > [TRACE] > {"LastLogin":"2025-07-02 19:08:03","Status":true}
[19:09:30.155] > [TRACE] > [GetUserInfo] End
[19:09:30.388] > [TRACE] > [GetUserInfo] Start
[19:09:30.388] > [DEBUG] > getClient [READY]
[19:09:30.391] > [TRACE] > {"LastLogin":"2025-07-02 19:08:03","Status":true}
[19:09:30.392] > [TRACE] > [GetUserInfo] End
[19:09:30.615] > [TRACE] > [GetUserInfo] Start
[19:09:30.615] > [DEBUG] > getClient [READY]
[19:09:30.619] > [TRACE] > {"LastLogin":"2025-07-02 19:08:03","Status":true}
[19:09:30.620] > [TRACE] > [GetUserInfo] End
[19:09:30.856] > [TRACE] > [GetUserInfo] Start
[19:09:30.856] > [DEBUG] > getClient [READY]
[19:09:30.859] > [TRACE] > {"LastLogin":"2025-07-02 19:08:03","Status":true}
[19:09:30.860] > [TRACE] > [GetUserInfo] End
[19:09:31.093] > [TRACE] > [GetUserInfo] Start
[19:09:31.094] > [DEBUG] > getClient [READY]
[19:09:31.098] > [TRACE] > {"LastLogin":"2025-07-02 19:08:03","Status":true}
[19:09:31.098] > [TRACE] > [GetUserInfo] End
[19:09:31.342] > [TRACE] > [GetUserInfo] Start
[19:09:31.342] > [DEBUG] > getClient [READY]
[19:09:31.347] > [TRACE] > {"LastLogin":"2025-07-02 19:08:03","Status":true}
[19:09:31.347] > [TRACE] > [GetUserInfo] End
[19:09:31.577] > [TRACE] > [GetUserInfo] Start
[19:09:31.577] > [DEBUG] > getClient [READY]
[19:09:31.580] > [TRACE] > {"LastLogin":"2025-07-02 19:08:03","Status":true}
[19:09:31.580] > [TRACE] > [GetUserInfo] End
[19:09:31.838] > [TRACE] > [GetUserInfo] Start
[19:09:31.838] > [DEBUG] > getClient [READY]
[19:09:31.842] > [TRACE] > {"LastLogin":"2025-07-02 19:08:03","Status":true}
[19:09:31.843] > [TRACE] > [GetUserInfo] End
[19:09:32.096] > [TRACE] > [GetUserInfo] Start
[19:09:32.096] > [DEBUG] > getClient [READY]
[19:09:32.100] > [TRACE] > {"LastLogin":"2025-07-02 19:08:03","Status":true}
[19:09:32.100] > [TRACE] > [GetUserInfo] End
[19:09:32.366] > [TRACE] > [GetUserInfo] Start
[19:09:32.367] > [DEBUG] > getClient [READY]
[19:09:32.369] > [TRACE] > {"LastLogin":"2025-07-02 19:08:03","Status":true}
[19:09:32.370] > [TRACE] > [GetUserInfo] End
[19:09:32.634] > [TRACE] > [GetUserInfo] Start
[19:09:32.635] > [DEBUG] > getClient [READY]
[19:09:32.638] > [TRACE] > {"LastLogin":"2025-07-02 19:08:03","Status":true}
[19:09:32.638] > [TRACE] > [GetUserInfo] End
[19:09:32.887] > [TRACE] > [GetUserInfo] Start
[19:09:32.887] > [DEBUG] > getClient [READY]
[19:09:32.891] > [TRACE] > {"LastLogin":"2025-07-02 19:08:03","Status":true}
[19:09:32.892] > [TRACE] > [GetUserInfo] End
[19:09:33.177] > [TRACE] > [GetUserInfo] Start
[19:09:33.177] > [DEBUG] > getClient [READY]
[19:09:33.181] > [TRACE] > {"LastLogin":"2025-07-02 19:08:03","Status":true}
[19:09:33.182] > [TRACE] > [GetUserInfo] End
[19:09:33.371] > [TRACE] > [GetUserInfo] Start
[19:09:33.372] > [DEBUG] > getClient [READY]
[19:09:33.375] > [TRACE] > {"LastLogin":"2025-07-02 19:08:03","Status":true}
[19:09:33.375] > [TRACE] > [GetUserInfo] End
[19:09:33.621] > [TRACE] > [GetUserInfo] Start
[19:09:33.621] > [DEBUG] > getClient [READY]
[19:09:33.625] > [TRACE] > {"LastLogin":"2025-07-02 19:08:03","Status":true}
[19:09:33.625] > [TRACE] > [GetUserInfo] End
[19:09:33.858] > [TRACE] > [GetUserInfo] Start
[19:09:33.858] > [DEBUG] > getClient [READY]
[19:09:33.862] > [TRACE] > {"LastLogin":"2025-07-02 19:08:03","Status":true}
[19:09:33.863] > [TRACE] > [GetUserInfo] End
[19:09:34.108] > [TRACE] > [GetUserInfo] Start
[19:09:34.108] > [DEBUG] > getClient [READY]
[19:09:34.112] > [TRACE] > {"LastLogin":"2025-07-02 19:08:03","Status":true}
[19:09:34.113] > [TRACE] > [GetUserInfo] End
[19:09:34.357] > [TRACE] > [GetUserInfo] Start
[19:09:34.357] > [DEBUG] > getClient [READY]
[19:09:34.361] > [TRACE] > {"LastLogin":"2025-07-02 19:08:03","Status":true}
[19:09:34.361] > [TRACE] > [GetUserInfo] End
[19:09:34.599] > [TRACE] > [GetUserInfo] Start
[19:09:34.600] > [DEBUG] > getClient [READY]
[19:09:34.602] > [TRACE] > {"LastLogin":"2025-07-02 19:08:03","Status":true}
[19:09:34.603] > [TRACE] > [GetUserInfo] End
[19:09:34.845] > [TRACE] > [GetUserInfo] Start
[19:09:34.846] > [DEBUG] > getClient [READY]
[19:09:34.850] > [TRACE] > {"LastLogin":"2025-07-02 19:08:03","Status":true}
[19:09:34.851] > [TRACE] > [GetUserInfo] End
[19:09:35.107] > [TRACE] > [GetUserInfo] Start
[19:09:35.108] > [DEBUG] > getClient [READY]
[19:09:35.112] > [TRACE] > {"LastLogin":"2025-07-02 19:08:03","Status":true}
[19:09:35.112] > [TRACE] > [GetUserInfo] End
[19:09:35.356] > [TRACE] > [GetUserInfo] Start
[19:09:35.357] > [DEBUG] > getClient [READY]
[19:09:35.361] > [TRACE] > {"LastLogin":"2025-07-02 19:08:03","Status":true}
[19:09:35.361] > [TRACE] > [GetUserInfo] End
[19:09:35.609] > [TRACE] > [GetUserInfo] Start
[19:09:35.609] > [DEBUG] > getClient [READY]
[19:09:35.613] > [TRACE] > {"LastLogin":"2025-07-02 19:08:03","Status":true}
[19:09:35.614] > [TRACE] > [GetUserInfo] End
[19:09:35.880] > [TRACE] > [GetUserInfo] Start
[19:09:35.880] > [DEBUG] > getClient [READY]
[19:09:35.883] > [TRACE] > {"LastLogin":"2025-07-02 19:08:03","Status":true}
[19:09:35.884] > [TRACE] > [GetUserInfo] End
[19:09:36.139] > [TRACE] > [GetUserInfo] Start
[19:09:36.140] > [DEBUG] > getClient [READY]
[19:09:36.144] > [TRACE] > {"LastLogin":"2025-07-02 19:08:03","Status":true}
[19:09:36.145] > [TRACE] > [GetUserInfo] End
[19:09:36.411] > [TRACE] > [GetUserInfo] Start
[19:09:36.411] > [DEBUG] > getClient [READY]
[19:09:36.415] > [TRACE] > {"LastLogin":"2025-07-02 19:08:03","Status":true}
[19:09:36.415] > [TRACE] > [GetUserInfo] End
[19:09:36.657] > [TRACE] > [GetUserInfo] Start
[19:09:36.657] > [DEBUG] > getClient [READY]
[19:09:36.661] > [TRACE] > {"LastLogin":"2025-07-02 19:08:03","Status":true}
[19:09:36.661] > [TRACE] > [GetUserInfo] End
[19:09:36.886] > [TRACE] > [GetUserInfo] Start
[19:09:36.886] > [DEBUG] > getClient [READY]
[19:09:36.891] > [TRACE] > {"LastLogin":"2025-07-02 19:08:03","Status":true}
[19:09:36.891] > [TRACE] > [GetUserInfo] End
[19:09:37.122] > [TRACE] > [GetUserInfo] Start
[19:09:37.123] > [DEBUG] > getClient [READY]
[19:09:37.126] > [TRACE] > {"LastLogin":"2025-07-02 19:08:03","Status":true}
[19:09:37.127] > [TRACE] > [GetUserInfo] End
[19:09:37.370] > [TRACE] > [GetUserInfo] Start
[19:09:37.370] > [DEBUG] > getClient [READY]
[19:09:37.374] > [TRACE] > {"LastLogin":"2025-07-02 19:08:03","Status":true}
[19:09:37.375] > [TRACE] > [GetUserInfo] End
[19:09:37.605] > [TRACE] > [GetUserInfo] Start
[19:09:37.606] > [DEBUG] > getClient [READY]
[19:09:37.608] > [TRACE] > {"LastLogin":"2025-07-02 19:08:03","Status":true}
[19:09:37.609] > [TRACE] > [GetUserInfo] End
[19:09:37.845] > [TRACE] > [GetUserInfo] Start
[19:09:37.845] > [DEBUG] > getClient [READY]
[19:09:37.849] > [TRACE] > {"LastLogin":"2025-07-02 19:08:03","Status":true}
[19:09:37.850] > [TRACE] > [GetUserInfo] End
[19:09:38.097] > [TRACE] > [GetUserInfo] Start
[19:09:38.097] > [DEBUG] > getClient [READY]
[19:09:38.100] > [TRACE] > {"LastLogin":"2025-07-02 19:08:03","Status":true}
[19:09:38.100] > [TRACE] > [GetUserInfo] End
[19:09:38.359] > [TRACE] > [GetUserInfo] Start
[19:09:38.359] > [DEBUG] > getClient [READY]
[19:09:38.362] > [TRACE] > {"LastLogin":"2025-07-02 19:08:03","Status":true}
[19:09:38.362] > [TRACE] > [GetUserInfo] End
[19:09:38.585] > [TRACE] > [GetUserInfo] Start
[19:09:38.585] > [DEBUG] > getClient [READY]
[19:09:38.589] > [TRACE] > {"LastLogin":"2025-07-02 19:08:03","Status":true}
[19:09:38.589] > [TRACE] > [GetUserInfo] End
[19:09:38.823] > [TRACE] > [GetUserInfo] Start
[19:09:38.823] > [DEBUG] > getClient [READY]
[19:09:38.826] > [TRACE] > {"LastLogin":"2025-07-02 19:08:03","Status":true}
[19:09:38.827] > [TRACE] > [GetUserInfo] End
[19:09:39.096] > [TRACE] > [GetUserInfo] Start
[19:09:39.096] > [DEBUG] > getClient [READY]
[19:09:39.100] > [TRACE] > {"LastLogin":"2025-07-02 19:08:03","Status":true}
[19:09:39.100] > [TRACE] > [GetUserInfo] End
[19:09:39.357] > [TRACE] > [GetUserInfo] Start
[19:09:39.358] > [DEBUG] > getClient [READY]
[19:09:39.361] > [TRACE] > {"LastLogin":"2025-07-02 19:08:03","Status":true}
[19:09:39.361] > [TRACE] > [GetUserInfo] End
[19:09:39.592] > [TRACE] > [GetUserInfo] Start
[19:09:39.593] > [DEBUG] > getClient [READY]
[19:09:39.596] > [TRACE] > {"LastLogin":"2025-07-02 19:08:03","Status":true}
[19:09:39.597] > [TRACE] > [GetUserInfo] End
[19:09:39.818] > [TRACE] > [GetUserInfo] Start
[19:09:39.818] > [DEBUG] > getClient [READY]
[19:09:39.822] > [TRACE] > {"LastLogin":"2025-07-02 19:08:03","Status":true}
[19:09:39.822] > [TRACE] > [GetUserInfo] End
[19:09:40.056] > [TRACE] > [GetUserInfo] Start
[19:09:40.056] > [DEBUG] > getClient [READY]
[19:09:40.060] > [TRACE] > {"LastLogin":"2025-07-02 19:08:03","Status":true}
[19:09:40.060] > [TRACE] > [GetUserInfo] End
[19:09:40.283] > [TRACE] > [GetUserInfo] Start
[19:09:40.283] > [DEBUG] > getClient [READY]
[19:09:40.287] > [TRACE] > {"LastLogin":"2025-07-02 19:08:03","Status":true}
[19:09:40.287] > [TRACE] > [GetUserInfo] End
[19:09:40.526] > [TRACE] > [GetUserInfo] Start
[19:09:40.526] > [DEBUG] > getClient [READY]
[19:09:40.529] > [TRACE] > {"LastLogin":"2025-07-02 19:08:03","Status":true}
[19:09:40.530] > [TRACE] > [GetUserInfo] End
[19:09:40.769] > [TRACE] > [GetUserInfo] Start
[19:09:40.769] > [DEBUG] > getClient [READY]
[19:09:40.772] > [TRACE] > {"LastLogin":"2025-07-02 19:08:03","Status":true}
[19:09:40.773] > [TRACE] > [GetUserInfo] End
[19:09:41.035] > [TRACE] > [GetUserInfo] Start
[19:09:41.035] > [DEBUG] > getClient [READY]
[19:09:41.039] > [TRACE] > {"LastLogin":"2025-07-02 19:08:03","Status":true}
[19:09:41.039] > [TRACE] > [GetUserInfo] End
[19:09:41.266] > [TRACE] > [GetUserInfo] Start
[19:09:41.266] > [DEBUG] > getClient [READY]
[19:09:41.270] > [TRACE] > {"LastLogin":"2025-07-02 19:08:03","Status":true}
[19:09:41.271] > [TRACE] > [GetUserInfo] End
[19:09:41.509] > [TRACE] > [GetUserInfo] Start
[19:09:41.509] > [DEBUG] > getClient [READY]
[19:09:41.512] > [TRACE] > {"LastLogin":"2025-07-02 19:08:03","Status":true}
[19:09:41.512] > [TRACE] > [GetUserInfo] End
[19:09:41.753] > [TRACE] > [GetUserInfo] Start
[19:09:41.754] > [DEBUG] > getClient [READY]
[19:09:41.757] > [TRACE] > {"LastLogin":"2025-07-02 19:08:03","Status":true}
[19:09:41.758] > [TRACE] > [GetUserInfo] End
[19:09:42.018] > [TRACE] > [GetUserInfo] Start
[19:09:42.018] > [DEBUG] > getClient [READY]
[19:09:42.022] > [TRACE] > {"LastLogin":"2025-07-02 19:08:03","Status":true}
[19:09:42.022] > [TRACE] > [GetUserInfo] End
[19:09:42.275] > [TRACE] > [GetUserInfo] Start
[19:09:42.276] > [DEBUG] > getClient [READY]
[19:09:42.278] > [TRACE] > {"LastLogin":"2025-07-02 19:08:03","Status":true}
[19:09:42.278] > [TRACE] > [GetUserInfo] End
[19:09:42.514] > [TRACE] > [GetUserInfo] Start
[19:09:42.515] > [DEBUG] > getClient [READY]
[19:09:42.518] > [TRACE] > {"LastLogin":"2025-07-02 19:08:03","Status":true}
[19:09:42.518] > [TRACE] > [GetUserInfo] End
[19:09:42.759] > [TRACE] > [GetUserInfo] Start
[19:09:42.759] > [DEBUG] > getClient [READY]
[19:09:42.764] > [TRACE] > {"LastLogin":"2025-07-02 19:08:03","Status":true}
[19:09:42.764] > [TRACE] > [GetUserInfo] End
[19:09:43.010] > [TRACE] > [GetUserInfo] Start
[19:09:43.010] > [DEBUG] > getClient [READY]
[19:09:43.013] > [TRACE] > {"LastLogin":"2025-07-02 19:08:03","Status":true}
[19:09:43.014] > [TRACE] > [GetUserInfo] End
[19:09:43.268] > [TRACE] > [GetUserInfo] Start
[19:09:43.268] > [DEBUG] > getClient [READY]
[19:09:43.273] > [TRACE] > {"LastLogin":"2025-07-02 19:08:03","Status":true}
[19:09:43.273] > [TRACE] > [GetUserInfo] End
[19:09:43.526] > [TRACE] > [GetUserInfo] Start
[19:09:43.526] > [DEBUG] > getClient [READY]
[19:09:43.530] > [TRACE] > {"LastLogin":"2025-07-02 19:08:03","Status":true}
[19:09:43.530] > [TRACE] > [GetUserInfo] End
[19:09:43.796] > [TRACE] > [GetUserInfo] Start
[19:09:43.796] > [DEBUG] > getClient [READY]
[19:09:43.799] > [TRACE] > {"LastLogin":"2025-07-02 19:08:03","Status":true}
[19:09:43.800] > [TRACE] > [GetUserInfo] End
[19:09:44.037] > [TRACE] > [GetUserInfo] Start
[19:09:44.038] > [DEBUG] > getClient [READY]
[19:09:44.042] > [TRACE] > {"LastLogin":"2025-07-02 19:08:03","Status":true}
[19:09:44.043] > [TRACE] > [GetUserInfo] End
[19:09:44.299] > [TRACE] > [GetUserInfo] Start
[19:09:44.299] > [DEBUG] > getClient [READY]
[19:09:44.303] > [TRACE] > {"LastLogin":"2025-07-02 19:08:03","Status":true}
[19:09:44.303] > [TRACE] > [GetUserInfo] End
[19:09:44.538] > [TRACE] > [GetUserInfo] Start
[19:09:44.538] > [DEBUG] > getClient [READY]
[19:09:44.542] > [TRACE] > {"LastLogin":"2025-07-02 19:08:03","Status":true}
[19:09:44.542] > [TRACE] > [GetUserInfo] End
[19:09:44.784] > [TRACE] > [GetUserInfo] Start
[19:09:44.784] > [DEBUG] > getClient [READY]
[19:09:44.787] > [TRACE] > {"LastLogin":"2025-07-02 19:08:03","Status":true}
[19:09:44.787] > [TRACE] > [GetUserInfo] End
[19:09:45.036] > [TRACE] > [GetUserInfo] Start
[19:09:45.036] > [DEBUG] > getClient [READY]
[19:09:45.040] > [TRACE] > {"LastLogin":"2025-07-02 19:08:03","Status":true}
[19:09:45.041] > [TRACE] > [GetUserInfo] End
[19:09:45.301] > [TRACE] > [GetUserInfo] Start
[19:09:45.301] > [DEBUG] > getClient [READY]
[19:09:45.306] > [TRACE] > {"LastLogin":"2025-07-02 19:08:03","Status":true}
[19:09:45.307] > [TRACE] > [GetUserInfo] End
[19:09:45.540] > [TRACE] > [GetUserInfo] Start
[19:09:45.540] > [DEBUG] > getClient [READY]
[19:09:45.544] > [TRACE] > {"LastLogin":"2025-07-02 19:08:03","Status":true}
[19:09:45.545] > [TRACE] > [GetUserInfo] End
[19:09:45.784] > [TRACE] > [GetUserInfo] Start
[19:09:45.784] > [DEBUG] > getClient [READY]
[19:09:45.789] > [TRACE] > {"LastLogin":"2025-07-02 19:08:03","Status":true}
[19:09:45.789] > [TRACE] > [GetUserInfo] End
[19:09:46.049] > [TRACE] > [GetUserInfo] Start
[19:09:46.050] > [DEBUG] > getClient [READY]
[19:09:46.053] > [TRACE] > {"LastLogin":"2025-07-02 19:08:03","Status":true}
[19:09:46.053] > [TRACE] > [GetUserInfo] End
